<?xml version="1.0" encoding="UTF-8"?>
<!-- Generated by org.testng.reporters.JUnitReportReporter -->
<testsuite hostname="GOD-PC" name="Basics.FbLogin" tests="1" failures="0" timestamp="27 Apr 2020 14:41:40 GMT" time="0.248" errors="0">
  <testcase name="verifyTitleofPage" time="0.248" classname="Basics.FbLogin"/>
</testsuite> <!-- Basics.FbLogin -->
