<?xml version="1.0" encoding="UTF-8"?>
<!-- Generated by org.testng.reporters.JUnitReportReporter -->
<testsuite hostname="GOD-PC" name="Basics.MyFirstMaven" tests="1" failures="0" timestamp="27 Apr 2020 14:41:40 GMT" time="35.316" errors="0">
  <testcase name="verifyGoogle" time="35.316" classname="Basics.MyFirstMaven"/>
</testsuite> <!-- Basics.MyFirstMaven -->
