<?xml version="1.0" encoding="UTF-8"?>
<!-- Generated by org.testng.reporters.JUnitReportReporter -->
<testsuite skipped="0" hostname="GOD-PC" name="Basics.MyFirstMaven" tests="1" failures="0" timestamp="2020-04-27T20:40:19 IST" time="89.783" errors="0">
  <testcase name="verifyGoogle" time="89.783" classname="Basics.MyFirstMaven"/>
</testsuite> <!-- Basics.MyFirstMaven -->
