<?xml version="1.0" encoding="UTF-8"?>
<!-- Generated by org.testng.reporters.JUnitReportReporter -->
<testsuite skipped="0" hostname="GOD-PC" name="Basics.FbLogin" tests="1" failures="0" timestamp="2020-04-27T20:40:19 IST" time="0.024" errors="0">
  <testcase name="verifyTitleofPage" time="0.024" classname="Basics.FbLogin"/>
</testsuite> <!-- Basics.FbLogin -->
